<?xml version="1.0" encoding="UTF-8"?>
<!-- Generated by org.testng.reporters.JUnitXMLReporter -->
<testsuite ignored="2" hostname="DESKTOP-4ENR57E" failures="2" tests="2" name="Test" time="168.532" errors="0" timestamp="2024-09-20T17:30:39 IST">
  <testcase classname="com.comcast.crm.orgtest.CreateOrganisationWithMandatoryFieldTest" name="createOrganisationWithMandatoryFieldTest" time="47.111">
    <failure type="java.lang.AssertionError" message="expected [true] but found [false]">
      <![CDATA[java.lang.AssertionError: expected [true] but found [false]
at com.comcast.crm.objectrepositoryutility.organization.OrganizationInformationPage.validatingOrgHeaderNameInOrgInformationPage(OrganizationInformationPage.java:64)
at com.comcast.crm.orgtest.CreateOrganisationWithMandatoryFieldTest.createOrganisationWithMandatoryFieldTest(CreateOrganisationWithMandatoryFieldTest.java:35)
at java.base/java.util.ArrayList.forEach(ArrayList.java:1511)
... Removed 32 stack frames]]>
    </failure>
  </testcase> <!-- createOrganisationWithMandatoryFieldTest -->
  <testcase classname="com.comcast.crm.orgtest.CreateOrganisationWithPhoneNumberTest" name="createOrganisationWithPhoneNumberTest" time="34.29">
    <failure type="java.lang.AssertionError" message="expected [true] but found [false]">
      <![CDATA[java.lang.AssertionError: expected [true] but found [false]
at com.comcast.crm.objectrepositoryutility.organization.OrganizationInformationPage.validatingOrgHeaderNameInOrgInformationPage(OrganizationInformationPage.java:64)
at com.comcast.crm.orgtest.CreateOrganisationWithPhoneNumberTest.createOrganisationWithPhoneNumberTest(CreateOrganisationWithPhoneNumberTest.java:36)
at java.base/java.util.ArrayList.forEach(ArrayList.java:1511)
... Removed 32 stack frames]]>
    </failure>
  </testcase> <!-- createOrganisationWithPhoneNumberTest -->
  <testcase classname="com.comcast.crm.baseclass.BaseClass" name="@BeforeSuite bsConfig" time="0.0">
    <ignored/>
  </testcase> <!-- @BeforeSuite bsConfig -->
  <testcase classname="com.comcast.crm.baseclass.BaseClass" name="@AfterSuite asConfig" time="0.0">
    <ignored/>
  </testcase> <!-- @AfterSuite asConfig -->
</testsuite> <!-- Test -->
