<?xml version="1.0" encoding="UTF-8"?>
<!-- Generated by org.testng.reporters.JUnitXMLReporter -->
<testsuite ignored="0" hostname="DESKTOP-4ENR57E" failures="0" tests="4" name="Test1" time="323.712" errors="0" timestamp="2024-09-18T18:33:50 IST">
  <testcase classname="com.comcast.crm.orgtest.CreateOrganizationTest" name="createOrganisationWithIndustryAndTypeTest" time="66.145"/>
  <testcase classname="com.comcast.crm.orgtest.CreateOrganizationTest" name="createOrganisationWithMandatoryFieldTest" time="26.554"/>
  <testcase classname="com.comcast.crm.orgtest.CreateOrganizationTest" name="createOrganisationWithPhoneNumberTest" time="17.984"/>
  <testcase classname="com.comcast.crm.orgtest.CreateOrganizationTest" name="deleteOrganisationTest" time="22.682"/>
</testsuite> <!-- Test1 -->
