<?xml version="1.0" encoding="UTF-8"?>
<!-- Generated by org.testng.reporters.JUnitXMLReporter -->
<testsuite ignored="0" hostname="DESKTOP-4ENR57E" failures="0" tests="3" name="Test2" time="323.712" errors="0" timestamp="2024-09-18T18:33:50 IST">
  <testcase classname="com.comcast.crm.contacttest.CreateContactTest" name="createContactWithMandatoryFieldTest" time="65.848"/>
  <testcase classname="com.comcast.crm.contacttest.CreateContactTest" name="createContactWithOrganisationSwitchingContactTest" time="50.224"/>
  <testcase classname="com.comcast.crm.contacttest.CreateContactTest" name="createContactWithSupportDateTest" time="19.12"/>
</testsuite> <!-- Test2 -->
