<?xml version="1.0" encoding="UTF-8"?>
<!-- Generated by org.testng.reporters.JUnitXMLReporter -->
<testsuite ignored="2" hostname="DESKTOP-4ENR57E" failures="0" tests="7" name="TestRunner-edge" time="538.601" errors="0" timestamp="2024-09-19T09:22:45 IST">
  <testcase classname="com.comcast.crm.contacttest.CreateContactTest" name="createContactWithMandatoryFieldTest" time="83.633"/>
  <testcase classname="com.comcast.crm.contacttest.CreateContactTest" name="createContactWithOrganisationSwitchingContactTest" time="60.805"/>
  <testcase classname="com.comcast.crm.contacttest.CreateContactTest" name="createContactWithSupportDateTest" time="20.377"/>
  <testcase classname="com.comcast.crm.orgtest.CreateOrganizationTest" name="createOrganisationWithIndustryAndTypeTest" time="36.308"/>
  <testcase classname="com.comcast.crm.orgtest.CreateOrganizationTest" name="createOrganisationWithMandatoryFieldTest" time="38.207"/>
  <testcase classname="com.comcast.crm.orgtest.CreateOrganizationTest" name="createOrganisationWithPhoneNumberTest" time="34.367"/>
  <testcase classname="com.comcast.crm.orgtest.CreateOrganizationTest" name="deleteOrganisationTest" time="29.514"/>
  <testcase classname="com.comcast.crm.baseclass.BaseClass" name="@AfterSuite asConfig" time="0.0">
    <ignored/>
  </testcase> <!-- @AfterSuite asConfig -->
  <testcase classname="com.comcast.crm.baseclass.BaseClass" name="@BeforeSuite bsConfig" time="0.0">
    <ignored/>
  </testcase> <!-- @BeforeSuite bsConfig -->
</testsuite> <!-- TestRunner-edge -->
