<?xml version="1.0" encoding="UTF-8"?>
<!-- Generated by org.testng.reporters.JUnitXMLReporter -->
<testsuite ignored="2" hostname="DESKTOP-4ENR57E" failures="0" tests="2" name="Test(failed)" time="113.363" errors="0" timestamp="2024-09-20T17:45:35 IST">
  <testcase classname="com.comcast.crm.orgtest.CreateOrganisationWithPhoneNumberTest" name="createOrganisationWithPhoneNumberTest" time="25.981"/>
  <testcase classname="com.comcast.crm.orgtest.CreateOrganisationWithMandatoryFieldTest" name="createOrganisationWithMandatoryFieldTest" time="18.764"/>
  <testcase classname="com.comcast.crm.baseclass.BaseClass" name="@BeforeSuite bsConfig" time="0.0">
    <ignored/>
  </testcase> <!-- @BeforeSuite bsConfig -->
  <testcase classname="com.comcast.crm.baseclass.BaseClass" name="@AfterSuite asConfig" time="0.0">
    <ignored/>
  </testcase> <!-- @AfterSuite asConfig -->
</testsuite> <!-- Test(failed) -->
