<?xml version="1.0" encoding="UTF-8"?>
<testng-results ignored="0" total="1" passed="1" failed="0" skipped="0">
  <reporter-output>
  </reporter-output>
  <suite started-at="2024-09-28T12:17:28 IST" name="Default suite" finished-at="2024-09-28T12:18:11 IST" duration-ms="43214">
    <groups>
    </groups>
    <test started-at="2024-09-28T12:17:28 IST" name="Default test" finished-at="2024-09-28T12:18:11 IST" duration-ms="43214">
      <class name="com.practise3.To_Work_With_MultipleWindowsTest">
        <test-method signature="workingWithMultipleWindowTest()[pri:0, instance:com.practise3.To_Work_With_MultipleWindowsTest@618b19ad]" started-at="2024-09-28T12:17:28 IST" name="workingWithMultipleWindowTest" finished-at="2024-09-28T12:18:11 IST" duration-ms="43120" status="PASS">
          <reporter-output>
          </reporter-output>
        </test-method> <!-- workingWithMultipleWindowTest -->
      </class> <!-- com.practise3.To_Work_With_MultipleWindowsTest -->
    </test> <!-- Default test -->
  </suite> <!-- Default suite -->
</testng-results>
